<?xml version="1.0" encoding="UTF-8"?>
<!-- Generated by org.testng.reporters.JUnitXMLReporter -->
<testsuite hostname="DESKTOP-MEGUF6G" ignored="0" name="Surefire test" tests="1" failures="1" timestamp="2022-06-27T17:36:15 IST" time="10.024" errors="0">
  <testcase name="doLogin" time="0.003" classname="com.sample.GitProjectWithMaven.LoginTest">
    <failure type="java.lang.NullPointerException">
      <![CDATA[java.lang.NullPointerException
at com.sample.GitProjectWithMaven.LoginTest.doLogin(LoginTest.java:37)
at java.util.ArrayList.forEach(ArrayList.java:1257)
... Removed 32 stack frames]]>
    </failure>
  </testcase> <!-- doLogin -->
</testsuite> <!-- Surefire test -->
